<?xml version="1.0" encoding="UTF-8"?>
<!-- Generated by org.testng.reporters.JUnitReportReporter -->
<testsuite hostname="DESKTOP-P3G91AA" name="com.example.demo.tdd.LoginUITest" tests="2" failures="0" timestamp="29 Mar 2020 17:27:45 GMT" time="32.210" errors="0">
  <testcase name="Myaccount" time="25.794" classname="com.example.demo.tdd.LoginUITest"/>
  <testcase name="testcases" time="6.416" classname="com.example.demo.tdd.LoginUITest"/>
</testsuite> <!-- com.example.demo.tdd.LoginUITest -->
